2020-02-19 12:23:56,084 INFO org.springframework.test.context.support.AbstractTestContextBootstrapper [main] Neither @ContextConfiguration nor @ContextHierarchy found for test class [com.tekleads.ContactInfoMiniProjectApplicationTests], using SpringBootContextLoader
2020-02-19 12:23:56,213 INFO org.springframework.test.context.support.AbstractContextLoader [main] Could not detect default resource locations for test class [com.tekleads.ContactInfoMiniProjectApplicationTests]: no resource found for suffixes {-context.xml, Context.groovy}.
2020-02-19 12:23:56,216 INFO org.springframework.test.context.support.AnnotationConfigContextLoaderUtils [main] Could not detect default configuration classes for test class [com.tekleads.ContactInfoMiniProjectApplicationTests]: ContactInfoMiniProjectApplicationTests does not declare any static, non-private, non-final, nested classes annotated with @Configuration.
2020-02-19 12:23:57,398 INFO org.springframework.boot.test.context.SpringBootTestContextBootstrapper [main] Found @SpringBootConfiguration com.tekleads.ContactInfoMiniProjectApplication for test class com.tekleads.ContactInfoMiniProjectApplicationTests
2020-02-19 12:23:57,917 INFO org.springframework.test.context.support.AbstractTestContextBootstrapper [main] Loaded default TestExecutionListener class names from location [META-INF/spring.factories]: [org.springframework.boot.test.mock.mockito.MockitoTestExecutionListener, org.springframework.boot.test.mock.mockito.ResetMocksTestExecutionListener, org.springframework.boot.test.autoconfigure.restdocs.RestDocsTestExecutionListener, org.springframework.boot.test.autoconfigure.web.client.MockRestServiceServerResetTestExecutionListener, org.springframework.boot.test.autoconfigure.web.servlet.MockMvcPrintOnlyOnFailureTestExecutionListener, org.springframework.boot.test.autoconfigure.web.servlet.WebDriverTestExecutionListener, org.springframework.test.context.web.ServletTestExecutionListener, org.springframework.test.context.support.DirtiesContextBeforeModesTestExecutionListener, org.springframework.test.context.support.DependencyInjectionTestExecutionListener, org.springframework.test.context.support.DirtiesContextTestExecutionListener, org.springframework.test.context.transaction.TransactionalTestExecutionListener, org.springframework.test.context.jdbc.SqlScriptsTestExecutionListener, org.springframework.test.context.event.EventPublishingTestExecutionListener]
2020-02-19 12:23:58,018 INFO org.springframework.test.context.support.AbstractTestContextBootstrapper [main] Using TestExecutionListeners: [org.springframework.test.context.web.ServletTestExecutionListener@61710c6, org.springframework.test.context.support.DirtiesContextBeforeModesTestExecutionListener@3214ee6, org.springframework.boot.test.mock.mockito.MockitoTestExecutionListener@383dc82c, org.springframework.boot.test.autoconfigure.SpringBootDependencyInjectionTestExecutionListener@4a07d605, org.springframework.test.context.support.DirtiesContextTestExecutionListener@74287ea3, org.springframework.test.context.transaction.TransactionalTestExecutionListener@7d7758be, org.springframework.test.context.jdbc.SqlScriptsTestExecutionListener@2bdd8394, org.springframework.test.context.event.EventPublishingTestExecutionListener@5f9edf14, org.springframework.boot.test.mock.mockito.ResetMocksTestExecutionListener@68746f22, org.springframework.boot.test.autoconfigure.restdocs.RestDocsTestExecutionListener@2f01783a, org.springframework.boot.test.autoconfigure.web.client.MockRestServiceServerResetTestExecutionListener@68878f6d, org.springframework.boot.test.autoconfigure.web.servlet.MockMvcPrintOnlyOnFailureTestExecutionListener@41488b16, org.springframework.boot.test.autoconfigure.web.servlet.WebDriverTestExecutionListener@a8ef162]
2020-02-19 12:24:00,303 INFO org.springframework.boot.StartupInfoLogger [main] Starting ContactInfoMiniProjectApplicationTests on DESKTOP-Q1D8M48 with PID 10964 (started by NEW in E:\workspace\projectBatch\ContactInfo-MiniProject)
2020-02-19 12:24:00,305 DEBUG org.springframework.boot.StartupInfoLogger [main] Running with Spring Boot v2.2.4.RELEASE, Spring v5.2.3.RELEASE
2020-02-19 12:24:00,307 INFO org.springframework.boot.SpringApplication [main] No active profile set, falling back to default profiles: default
2020-02-19 12:24:05,778 INFO org.springframework.data.repository.config.RepositoryConfigurationDelegate [main] Bootstrapping Spring Data JPA repositories in DEFAULT mode.
2020-02-19 12:24:06,082 INFO org.springframework.data.repository.config.RepositoryConfigurationDelegate [main] Finished Spring Data repository scanning in 278ms. Found 1 JPA repository interfaces.
2020-02-19 12:24:09,188 INFO org.springframework.context.support.PostProcessorRegistrationDelegate$BeanPostProcessorChecker [main] Bean 'org.springframework.transaction.annotation.ProxyTransactionManagementConfiguration' of type [org.springframework.transaction.annotation.ProxyTransactionManagementConfiguration] is not eligible for getting processed by all BeanPostProcessors (for example: not eligible for auto-proxying)
2020-02-19 12:24:11,843 INFO org.hibernate.jpa.internal.util.LogHelper [main] HHH000204: Processing PersistenceUnitInfo [name: default]
2020-02-19 12:24:12,547 INFO org.hibernate.Version [main] HHH000412: Hibernate Core {5.4.10.Final}
2020-02-19 12:24:13,429 INFO org.hibernate.annotations.common.reflection.java.JavaReflectionManager [main] HCANN000001: Hibernate Commons Annotations {5.1.0.Final}
2020-02-19 12:24:17,873 INFO com.zaxxer.hikari.HikariDataSource [main] HikariPool-1 - Starting...
2020-02-19 12:24:19,616 INFO com.zaxxer.hikari.HikariDataSource [main] HikariPool-1 - Start completed.
2020-02-19 12:24:20,221 INFO org.hibernate.dialect.Dialect [main] HHH000400: Using dialect: org.hibernate.dialect.H2Dialect
2020-02-19 12:24:24,778 INFO org.hibernate.engine.transaction.jta.platform.internal.JtaPlatformInitiator [main] HHH000490: Using JtaPlatform implementation: [org.hibernate.engine.transaction.jta.platform.internal.NoJtaPlatform]
2020-02-19 12:24:24,804 INFO org.springframework.orm.jpa.AbstractEntityManagerFactoryBean [main] Initialized JPA EntityManagerFactory for persistence unit 'default'
2020-02-19 12:24:25,487 INFO com.tekleads.service.ContactServiceImpl [main] ContactService class Initialized
2020-02-19 12:24:30,552 WARN org.springframework.boot.autoconfigure.orm.jpa.JpaBaseConfiguration$JpaWebConfiguration [main] spring.jpa.open-in-view is enabled by default. Therefore, database queries may be performed during view rendering. Explicitly configure spring.jpa.open-in-view to disable this warning
2020-02-19 12:24:33,876 INFO org.springframework.scheduling.concurrent.ExecutorConfigurationSupport [main] Initializing ExecutorService 'applicationTaskExecutor'
2020-02-19 12:24:36,593 INFO org.springframework.boot.autoconfigure.h2.H2ConsoleAutoConfiguration [main] H2 console available at '/h2'. Database available at 'jdbc:h2:mem:testdb'
2020-02-19 12:24:36,991 INFO org.springframework.boot.StartupInfoLogger [main] Started ContactInfoMiniProjectApplicationTests in 38.775 seconds (JVM running for 47.327)
2020-02-19 12:24:43,339 INFO org.springframework.scheduling.concurrent.ExecutorConfigurationSupport [SpringContextShutdownHook] Shutting down ExecutorService 'applicationTaskExecutor'
2020-02-19 12:24:43,352 INFO org.springframework.orm.jpa.AbstractEntityManagerFactoryBean [SpringContextShutdownHook] Closing JPA EntityManagerFactory for persistence unit 'default'
2020-02-19 12:24:43,381 INFO com.zaxxer.hikari.HikariDataSource [SpringContextShutdownHook] HikariPool-1 - Shutdown initiated...
2020-02-19 12:24:43,412 INFO com.zaxxer.hikari.HikariDataSource [SpringContextShutdownHook] HikariPool-1 - Shutdown completed.
2020-02-19 12:52:24,329 INFO org.springframework.boot.StartupInfoLogger [restartedMain] Starting ContactInfoMiniProjectApplication on DESKTOP-Q1D8M48 with PID 4852 (E:\workspace\projectBatch\ContactInfo-MiniProject\target\classes started by NEW in E:\workspace\projectBatch\ContactInfo-MiniProject)
2020-02-19 12:52:24,375 DEBUG org.springframework.boot.StartupInfoLogger [restartedMain] Running with Spring Boot v2.2.4.RELEASE, Spring v5.2.3.RELEASE
2020-02-19 12:52:24,377 INFO org.springframework.boot.SpringApplication [restartedMain] No active profile set, falling back to default profiles: default
2020-02-19 12:52:24,826 INFO org.springframework.boot.logging.DeferredLog [restartedMain] The Class-Path manifest attribute in C:\Users\NEW\.m2\repository\org\glassfish\jaxb\jaxb-runtime\2.3.2\jaxb-runtime-2.3.2.jar referenced one or more files that do not exist: file:/C:/Users/NEW/.m2/repository/org/glassfish/jaxb/jaxb-runtime/2.3.2/jakarta.xml.bind-api-2.3.2.jar,file:/C:/Users/NEW/.m2/repository/org/glassfish/jaxb/jaxb-runtime/2.3.2/txw2-2.3.2.jar,file:/C:/Users/NEW/.m2/repository/org/glassfish/jaxb/jaxb-runtime/2.3.2/istack-commons-runtime-3.0.8.jar,file:/C:/Users/NEW/.m2/repository/org/glassfish/jaxb/jaxb-runtime/2.3.2/stax-ex-1.8.1.jar,file:/C:/Users/NEW/.m2/repository/org/glassfish/jaxb/jaxb-runtime/2.3.2/FastInfoset-1.2.16.jar,file:/C:/Users/NEW/.m2/repository/org/glassfish/jaxb/jaxb-runtime/2.3.2/jakarta.activation-api-1.2.1.jar
2020-02-19 12:52:24,828 INFO org.springframework.boot.logging.DeferredLog [restartedMain] Devtools property defaults active! Set 'spring.devtools.add-properties' to 'false' to disable
2020-02-19 12:52:24,829 INFO org.springframework.boot.logging.DeferredLog [restartedMain] For additional web related logging consider setting the 'logging.level.web' property to 'DEBUG'
2020-02-19 12:52:27,937 INFO org.springframework.data.repository.config.RepositoryConfigurationDelegate [restartedMain] Bootstrapping Spring Data JPA repositories in DEFAULT mode.
2020-02-19 12:52:28,197 INFO org.springframework.data.repository.config.RepositoryConfigurationDelegate [restartedMain] Finished Spring Data repository scanning in 219ms. Found 1 JPA repository interfaces.
2020-02-19 12:52:29,177 INFO org.springframework.context.support.PostProcessorRegistrationDelegate$BeanPostProcessorChecker [restartedMain] Bean 'org.springframework.transaction.annotation.ProxyTransactionManagementConfiguration' of type [org.springframework.transaction.annotation.ProxyTransactionManagementConfiguration] is not eligible for getting processed by all BeanPostProcessors (for example: not eligible for auto-proxying)
2020-02-19 12:52:30,705 INFO org.springframework.boot.web.embedded.tomcat.TomcatWebServer [restartedMain] Tomcat initialized with port(s): 8080 (http)
2020-02-19 12:52:30,851 INFO org.apache.juli.logging.DirectJDKLog [restartedMain] Initializing ProtocolHandler ["http-nio-8080"]
2020-02-19 12:52:30,854 INFO org.apache.juli.logging.DirectJDKLog [restartedMain] Starting service [Tomcat]
2020-02-19 12:52:30,855 INFO org.apache.juli.logging.DirectJDKLog [restartedMain] Starting Servlet engine: [Apache Tomcat/9.0.30]
2020-02-19 12:52:31,943 INFO org.apache.juli.logging.DirectJDKLog [restartedMain] At least one JAR was scanned for TLDs yet contained no TLDs. Enable debug logging for this logger for a complete list of JARs that were scanned but no TLDs were found in them. Skipping unneeded JARs during scanning can improve startup time and JSP compilation time.
2020-02-19 12:52:31,965 INFO org.apache.juli.logging.DirectJDKLog [restartedMain] Initializing Spring embedded WebApplicationContext
2020-02-19 12:52:31,966 INFO org.springframework.boot.web.servlet.context.ServletWebServerApplicationContext [restartedMain] Root WebApplicationContext: initialization completed in 7136 ms
2020-02-19 12:52:32,229 INFO com.zaxxer.hikari.HikariDataSource [restartedMain] HikariPool-1 - Starting...
2020-02-19 12:52:32,652 INFO com.zaxxer.hikari.HikariDataSource [restartedMain] HikariPool-1 - Start completed.
2020-02-19 12:52:32,666 INFO org.springframework.boot.autoconfigure.h2.H2ConsoleAutoConfiguration [restartedMain] H2 console available at '/h2'. Database available at 'jdbc:h2:mem:testdb'
2020-02-19 12:52:33,805 INFO org.hibernate.jpa.internal.util.LogHelper [restartedMain] HHH000204: Processing PersistenceUnitInfo [name: default]
2020-02-19 12:52:34,036 INFO org.hibernate.Version [restartedMain] HHH000412: Hibernate Core {5.4.10.Final}
2020-02-19 12:52:34,848 INFO org.hibernate.annotations.common.reflection.java.JavaReflectionManager [restartedMain] HCANN000001: Hibernate Commons Annotations {5.1.0.Final}
2020-02-19 12:52:35,209 INFO org.hibernate.dialect.Dialect [restartedMain] HHH000400: Using dialect: org.hibernate.dialect.H2Dialect
2020-02-19 12:52:37,665 INFO org.hibernate.engine.transaction.jta.platform.internal.JtaPlatformInitiator [restartedMain] HHH000490: Using JtaPlatform implementation: [org.hibernate.engine.transaction.jta.platform.internal.NoJtaPlatform]
2020-02-19 12:52:37,699 INFO org.springframework.orm.jpa.AbstractEntityManagerFactoryBean [restartedMain] Initialized JPA EntityManagerFactory for persistence unit 'default'
2020-02-19 12:52:37,773 INFO org.springframework.boot.devtools.autoconfigure.OptionalLiveReloadServer [restartedMain] LiveReload server is running on port 35729
2020-02-19 12:52:37,798 INFO com.tekleads.service.ContactServiceImpl [restartedMain] ContactService class Initialized
2020-02-19 12:52:38,570 WARN org.springframework.boot.autoconfigure.orm.jpa.JpaBaseConfiguration$JpaWebConfiguration [restartedMain] spring.jpa.open-in-view is enabled by default. Therefore, database queries may be performed during view rendering. Explicitly configure spring.jpa.open-in-view to disable this warning
2020-02-19 12:52:38,938 INFO org.springframework.scheduling.concurrent.ExecutorConfigurationSupport [restartedMain] Initializing ExecutorService 'applicationTaskExecutor'
2020-02-19 12:52:39,470 INFO org.apache.juli.logging.DirectJDKLog [restartedMain] Starting ProtocolHandler ["http-nio-8080"]
2020-02-19 12:52:39,642 INFO org.springframework.boot.web.embedded.tomcat.TomcatWebServer [restartedMain] Tomcat started on port(s): 8080 (http) with context path ''
2020-02-19 12:52:39,649 INFO org.springframework.boot.StartupInfoLogger [restartedMain] Started ContactInfoMiniProjectApplication in 17.815 seconds (JVM running for 24.829)
2020-02-19 12:53:40,063 INFO org.apache.juli.logging.DirectJDKLog [http-nio-8080-exec-1] Initializing Spring DispatcherServlet 'dispatcherServlet'
2020-02-19 12:53:40,065 INFO org.springframework.web.servlet.FrameworkServlet [http-nio-8080-exec-1] Initializing Servlet 'dispatcherServlet'
2020-02-19 12:53:40,112 INFO org.springframework.web.servlet.FrameworkServlet [http-nio-8080-exec-1] Completed initialization in 47 ms
2020-02-19 12:53:40,349 INFO com.tekleads.controller.ContactController [http-nio-8080-exec-1] method executed
2020-02-19 12:54:53,398 DEBUG com.tekleads.controller.ContactController [http-nio-8080-exec-7] method started
2020-02-19 12:54:53,400 DEBUG com.tekleads.service.ContactServiceImpl [http-nio-8080-exec-7] ContactServiceImpl.saveContact()-->start
2020-02-19 12:54:53,408 INFO com.tekleads.service.ContactServiceImpl [http-nio-8080-exec-7] Contact saved report
2020-02-19 12:54:53,734 DEBUG com.tekleads.service.ContactServiceImpl [http-nio-8080-exec-7] ContactServiceImpl.saveContact()-->ended
2020-02-19 12:54:53,734 DEBUG com.tekleads.controller.ContactController [http-nio-8080-exec-7] method ended
2020-02-19 12:54:53,857 INFO com.tekleads.controller.ContactController [http-nio-8080-exec-8] method executed
2020-02-19 12:55:04,369 DEBUG com.tekleads.controller.ContactController [http-nio-8080-exec-2] method started
2020-02-19 12:55:04,371 DEBUG com.tekleads.service.ContactServiceImpl [http-nio-8080-exec-2] ContactServiceImpl.saveContact()-->start
2020-02-19 12:55:04,372 INFO com.tekleads.service.ContactServiceImpl [http-nio-8080-exec-2] Contact saved report
2020-02-19 12:55:04,381 DEBUG com.tekleads.service.ContactServiceImpl [http-nio-8080-exec-2] ContactServiceImpl.saveContact()-->ended
2020-02-19 12:55:04,382 DEBUG com.tekleads.controller.ContactController [http-nio-8080-exec-2] method ended
2020-02-19 12:55:04,402 INFO com.tekleads.controller.ContactController [http-nio-8080-exec-4] method executed
2020-02-19 12:55:06,645 INFO com.tekleads.controller.ContactController [http-nio-8080-exec-5] get All Contats Summary in controller
2020-02-19 12:55:06,646 DEBUG com.tekleads.service.ContactServiceImpl [http-nio-8080-exec-5] method started
2020-02-19 12:55:06,647 INFO com.tekleads.service.ContactServiceImpl [http-nio-8080-exec-5] get All Active contacts summary
2020-02-19 12:55:07,179 DEBUG com.tekleads.service.ContactServiceImpl [http-nio-8080-exec-5] method ended
2020-02-19 12:55:12,862 INFO com.tekleads.controller.ContactController [http-nio-8080-exec-9] method executed
2020-02-19 12:55:15,623 INFO com.tekleads.controller.ContactController [http-nio-8080-exec-4] method executed
2020-02-19 12:55:23,895 DEBUG com.tekleads.controller.ContactController [http-nio-8080-exec-8] method started
2020-02-19 12:55:23,896 DEBUG com.tekleads.service.ContactServiceImpl [http-nio-8080-exec-8] ContactServiceImpl.saveContact()-->start
2020-02-19 12:55:23,897 INFO com.tekleads.service.ContactServiceImpl [http-nio-8080-exec-8] Contact saved report
2020-02-19 12:55:23,900 DEBUG com.tekleads.service.ContactServiceImpl [http-nio-8080-exec-8] ContactServiceImpl.saveContact()-->ended
2020-02-19 12:55:23,901 DEBUG com.tekleads.controller.ContactController [http-nio-8080-exec-8] method ended
2020-02-19 12:55:23,919 INFO com.tekleads.controller.ContactController [http-nio-8080-exec-6] method executed
2020-02-19 12:55:26,485 INFO com.tekleads.controller.ContactController [http-nio-8080-exec-1] get All Contats Summary in controller
2020-02-19 12:55:26,486 DEBUG com.tekleads.service.ContactServiceImpl [http-nio-8080-exec-1] method started
2020-02-19 12:55:26,487 INFO com.tekleads.service.ContactServiceImpl [http-nio-8080-exec-1] get All Active contacts summary
2020-02-19 12:55:26,492 DEBUG com.tekleads.service.ContactServiceImpl [http-nio-8080-exec-1] method ended
2020-02-19 12:55:28,235 INFO com.tekleads.controller.ContactController [http-nio-8080-exec-3] method executed
2020-02-19 12:55:38,997 INFO org.springframework.boot.admin.SpringApplicationAdminMXBeanRegistrar$SpringApplicationAdmin [RMI TCP Connection(5)-127.0.0.1] Application shutdown requested.
2020-02-19 12:55:39,013 INFO org.springframework.scheduling.concurrent.ExecutorConfigurationSupport [RMI TCP Connection(5)-127.0.0.1] Shutting down ExecutorService 'applicationTaskExecutor'
2020-02-19 12:55:39,018 INFO org.springframework.orm.jpa.AbstractEntityManagerFactoryBean [RMI TCP Connection(5)-127.0.0.1] Closing JPA EntityManagerFactory for persistence unit 'default'
2020-02-19 12:55:39,299 WARN org.springframework.beans.factory.support.DisposableBeanAdapter [RMI TCP Connection(5)-127.0.0.1] Invocation of destroy method failed on bean with name 'inMemoryDatabaseShutdownExecutor': org.h2.jdbc.JdbcSQLNonTransientConnectionException: Database is already closed (to disable automatic closing at VM shutdown, add ";DB_CLOSE_ON_EXIT=FALSE" to the db URL) [90121-200]
2020-02-19 12:55:39,300 INFO com.zaxxer.hikari.HikariDataSource [RMI TCP Connection(5)-127.0.0.1] HikariPool-1 - Shutdown initiated...
2020-02-19 12:55:39,310 INFO com.zaxxer.hikari.HikariDataSource [RMI TCP Connection(5)-127.0.0.1] HikariPool-1 - Shutdown completed.
2020-02-19 14:33:52,146 INFO org.springframework.boot.StartupInfoLogger [restartedMain] Starting ContactInfoMiniProjectApplication on DESKTOP-Q1D8M48 with PID 10004 (E:\workspace\projectBatch\ContactInfo-MiniProject\target\classes started by NEW in E:\workspace\projectBatch\ContactInfo-MiniProject)
2020-02-19 14:33:52,335 DEBUG org.springframework.boot.StartupInfoLogger [restartedMain] Running with Spring Boot v2.2.4.RELEASE, Spring v5.2.3.RELEASE
2020-02-19 14:33:52,338 INFO org.springframework.boot.SpringApplication [restartedMain] No active profile set, falling back to default profiles: default
2020-02-19 14:33:52,904 INFO org.springframework.boot.logging.DeferredLog [restartedMain] The Class-Path manifest attribute in C:\Users\NEW\.m2\repository\org\glassfish\jaxb\jaxb-runtime\2.3.2\jaxb-runtime-2.3.2.jar referenced one or more files that do not exist: file:/C:/Users/NEW/.m2/repository/org/glassfish/jaxb/jaxb-runtime/2.3.2/jakarta.xml.bind-api-2.3.2.jar,file:/C:/Users/NEW/.m2/repository/org/glassfish/jaxb/jaxb-runtime/2.3.2/txw2-2.3.2.jar,file:/C:/Users/NEW/.m2/repository/org/glassfish/jaxb/jaxb-runtime/2.3.2/istack-commons-runtime-3.0.8.jar,file:/C:/Users/NEW/.m2/repository/org/glassfish/jaxb/jaxb-runtime/2.3.2/stax-ex-1.8.1.jar,file:/C:/Users/NEW/.m2/repository/org/glassfish/jaxb/jaxb-runtime/2.3.2/FastInfoset-1.2.16.jar,file:/C:/Users/NEW/.m2/repository/org/glassfish/jaxb/jaxb-runtime/2.3.2/jakarta.activation-api-1.2.1.jar
2020-02-19 14:33:52,906 INFO org.springframework.boot.logging.DeferredLog [restartedMain] Devtools property defaults active! Set 'spring.devtools.add-properties' to 'false' to disable
2020-02-19 14:33:52,907 INFO org.springframework.boot.logging.DeferredLog [restartedMain] For additional web related logging consider setting the 'logging.level.web' property to 'DEBUG'
2020-02-19 14:33:56,710 INFO org.springframework.data.repository.config.RepositoryConfigurationDelegate [restartedMain] Bootstrapping Spring Data JPA repositories in DEFAULT mode.
2020-02-19 14:33:57,106 INFO org.springframework.data.repository.config.RepositoryConfigurationDelegate [restartedMain] Finished Spring Data repository scanning in 325ms. Found 1 JPA repository interfaces.
2020-02-19 14:33:58,684 INFO org.springframework.context.support.PostProcessorRegistrationDelegate$BeanPostProcessorChecker [restartedMain] Bean 'org.springframework.transaction.annotation.ProxyTransactionManagementConfiguration' of type [org.springframework.transaction.annotation.ProxyTransactionManagementConfiguration] is not eligible for getting processed by all BeanPostProcessors (for example: not eligible for auto-proxying)
2020-02-19 14:34:01,926 INFO org.springframework.boot.web.embedded.tomcat.TomcatWebServer [restartedMain] Tomcat initialized with port(s): 8080 (http)
2020-02-19 14:34:01,977 INFO org.apache.juli.logging.DirectJDKLog [restartedMain] Initializing ProtocolHandler ["http-nio-8080"]
2020-02-19 14:34:01,991 INFO org.apache.juli.logging.DirectJDKLog [restartedMain] Starting service [Tomcat]
2020-02-19 14:34:01,992 INFO org.apache.juli.logging.DirectJDKLog [restartedMain] Starting Servlet engine: [Apache Tomcat/9.0.30]
2020-02-19 14:34:03,350 INFO org.apache.juli.logging.DirectJDKLog [restartedMain] At least one JAR was scanned for TLDs yet contained no TLDs. Enable debug logging for this logger for a complete list of JARs that were scanned but no TLDs were found in them. Skipping unneeded JARs during scanning can improve startup time and JSP compilation time.
2020-02-19 14:34:03,368 INFO org.apache.juli.logging.DirectJDKLog [restartedMain] Initializing Spring embedded WebApplicationContext
2020-02-19 14:34:03,369 INFO org.springframework.boot.web.servlet.context.ServletWebServerApplicationContext [restartedMain] Root WebApplicationContext: initialization completed in 10462 ms
2020-02-19 14:34:03,699 INFO com.zaxxer.hikari.HikariDataSource [restartedMain] HikariPool-1 - Starting...
2020-02-19 14:34:05,012 INFO com.zaxxer.hikari.HikariDataSource [restartedMain] HikariPool-1 - Start completed.
2020-02-19 14:34:05,037 INFO org.springframework.boot.autoconfigure.h2.H2ConsoleAutoConfiguration [restartedMain] H2 console available at '/h2'. Database available at 'jdbc:h2:mem:testdb'
2020-02-19 14:34:07,498 INFO org.hibernate.jpa.internal.util.LogHelper [restartedMain] HHH000204: Processing PersistenceUnitInfo [name: default]
2020-02-19 14:34:09,259 INFO org.hibernate.Version [restartedMain] HHH000412: Hibernate Core {5.4.10.Final}
2020-02-19 14:34:11,938 INFO org.hibernate.annotations.common.reflection.java.JavaReflectionManager [restartedMain] HCANN000001: Hibernate Commons Annotations {5.1.0.Final}
2020-02-19 14:34:13,441 INFO org.hibernate.dialect.Dialect [restartedMain] HHH000400: Using dialect: org.hibernate.dialect.H2Dialect
2020-02-19 14:34:21,015 INFO org.hibernate.engine.transaction.jta.platform.internal.JtaPlatformInitiator [restartedMain] HHH000490: Using JtaPlatform implementation: [org.hibernate.engine.transaction.jta.platform.internal.NoJtaPlatform]
2020-02-19 14:34:21,068 INFO org.springframework.orm.jpa.AbstractEntityManagerFactoryBean [restartedMain] Initialized JPA EntityManagerFactory for persistence unit 'default'
2020-02-19 14:34:21,343 INFO org.springframework.boot.devtools.autoconfigure.OptionalLiveReloadServer [restartedMain] LiveReload server is running on port 35729
2020-02-19 14:34:21,442 INFO com.tekleads.service.ContactServiceImpl [restartedMain] ContactService class Initialized
2020-02-19 14:34:23,599 WARN org.springframework.boot.autoconfigure.orm.jpa.JpaBaseConfiguration$JpaWebConfiguration [restartedMain] spring.jpa.open-in-view is enabled by default. Therefore, database queries may be performed during view rendering. Explicitly configure spring.jpa.open-in-view to disable this warning
2020-02-19 14:34:24,150 INFO org.springframework.scheduling.concurrent.ExecutorConfigurationSupport [restartedMain] Initializing ExecutorService 'applicationTaskExecutor'
2020-02-19 14:34:25,153 INFO org.apache.juli.logging.DirectJDKLog [restartedMain] Starting ProtocolHandler ["http-nio-8080"]
2020-02-19 14:34:26,320 INFO org.springframework.boot.web.embedded.tomcat.TomcatWebServer [restartedMain] Tomcat started on port(s): 8080 (http) with context path ''
2020-02-19 14:34:26,336 INFO org.springframework.boot.StartupInfoLogger [restartedMain] Started ContactInfoMiniProjectApplication in 37.361 seconds (JVM running for 52.029)
2020-02-19 14:34:30,341 INFO org.apache.juli.logging.DirectJDKLog [http-nio-8080-exec-1] Initializing Spring DispatcherServlet 'dispatcherServlet'
2020-02-19 14:34:30,342 INFO org.springframework.web.servlet.FrameworkServlet [http-nio-8080-exec-1] Initializing Servlet 'dispatcherServlet'
2020-02-19 14:34:30,380 INFO org.springframework.web.servlet.FrameworkServlet [http-nio-8080-exec-1] Completed initialization in 37 ms
2020-02-19 14:34:30,555 INFO com.tekleads.controller.ContactController [http-nio-8080-exec-1] method executed
2020-02-19 14:34:49,257 DEBUG com.tekleads.controller.ContactController [http-nio-8080-exec-5] method started
2020-02-19 14:34:49,259 DEBUG com.tekleads.service.ContactServiceImpl [http-nio-8080-exec-5] ContactServiceImpl.saveContact()-->start
2020-02-19 14:34:49,292 INFO com.tekleads.service.ContactServiceImpl [http-nio-8080-exec-5] Contact saved report
2020-02-19 14:34:49,692 DEBUG com.tekleads.service.ContactServiceImpl [http-nio-8080-exec-5] ContactServiceImpl.saveContact()-->ended
2020-02-19 14:34:49,693 DEBUG com.tekleads.controller.ContactController [http-nio-8080-exec-5] method ended
2020-02-19 14:34:49,855 INFO com.tekleads.controller.ContactController [http-nio-8080-exec-7] method executed
2020-02-19 14:34:57,807 DEBUG com.tekleads.controller.ContactController [http-nio-8080-exec-10] method started
2020-02-19 14:34:57,808 DEBUG com.tekleads.service.ContactServiceImpl [http-nio-8080-exec-10] ContactServiceImpl.saveContact()-->start
2020-02-19 14:34:57,810 INFO com.tekleads.service.ContactServiceImpl [http-nio-8080-exec-10] Contact saved report
2020-02-19 14:34:57,824 DEBUG com.tekleads.service.ContactServiceImpl [http-nio-8080-exec-10] ContactServiceImpl.saveContact()-->ended
2020-02-19 14:34:57,826 DEBUG com.tekleads.controller.ContactController [http-nio-8080-exec-10] method ended
2020-02-19 14:34:57,852 INFO com.tekleads.controller.ContactController [http-nio-8080-exec-2] method executed
2020-02-19 14:34:59,980 INFO com.tekleads.controller.ContactController [http-nio-8080-exec-3] get All Contats Summary in controller
2020-02-19 14:34:59,985 DEBUG com.tekleads.service.ContactServiceImpl [http-nio-8080-exec-3] method started
2020-02-19 14:34:59,986 INFO com.tekleads.service.ContactServiceImpl [http-nio-8080-exec-3] get All Active contacts summary
2020-02-19 14:35:00,995 DEBUG com.tekleads.service.ContactServiceImpl [http-nio-8080-exec-3] method ended
2020-02-19 14:35:05,740 INFO com.tekleads.controller.ContactController [http-nio-8080-exec-7] method executed
2020-02-19 14:35:46,281 INFO com.tekleads.controller.ContactController [http-nio-8080-exec-7] get All Contats Summary in controller
2020-02-19 14:35:46,284 DEBUG com.tekleads.service.ContactServiceImpl [http-nio-8080-exec-7] method started
2020-02-19 14:35:46,286 INFO com.tekleads.service.ContactServiceImpl [http-nio-8080-exec-7] get All Active contacts summary
2020-02-19 14:35:46,291 DEBUG com.tekleads.service.ContactServiceImpl [http-nio-8080-exec-7] method ended
2020-02-19 14:35:48,816 INFO com.tekleads.controller.ContactController [http-nio-8080-exec-3] get COntact By Id summary
2020-02-19 14:35:48,817 DEBUG com.tekleads.service.ContactServiceImpl [http-nio-8080-exec-3] method started
2020-02-19 14:35:48,819 INFO com.tekleads.service.ContactServiceImpl [http-nio-8080-exec-3] get Contact By Id summary
2020-02-19 14:36:04,903 DEBUG com.tekleads.controller.ContactController [http-nio-8080-exec-1] method started
2020-02-19 14:36:04,905 DEBUG com.tekleads.service.ContactServiceImpl [http-nio-8080-exec-1] ContactServiceImpl.saveContact()-->start
2020-02-19 14:36:04,907 INFO com.tekleads.service.ContactServiceImpl [http-nio-8080-exec-1] Contact saved report
2020-02-19 14:36:04,969 DEBUG com.tekleads.service.ContactServiceImpl [http-nio-8080-exec-1] ContactServiceImpl.saveContact()-->ended
2020-02-19 14:36:04,971 DEBUG com.tekleads.controller.ContactController [http-nio-8080-exec-1] method ended
2020-02-19 14:36:04,994 INFO com.tekleads.controller.ContactController [http-nio-8080-exec-2] method executed
2020-02-19 14:36:07,642 INFO com.tekleads.controller.ContactController [http-nio-8080-exec-4] get All Contats Summary in controller
2020-02-19 14:36:07,645 DEBUG com.tekleads.service.ContactServiceImpl [http-nio-8080-exec-4] method started
2020-02-19 14:36:07,646 INFO com.tekleads.service.ContactServiceImpl [http-nio-8080-exec-4] get All Active contacts summary
2020-02-19 14:36:07,653 DEBUG com.tekleads.service.ContactServiceImpl [http-nio-8080-exec-4] method ended
2020-02-19 14:37:17,566 INFO org.springframework.scheduling.concurrent.ExecutorConfigurationSupport [Thread-7] Shutting down ExecutorService 'applicationTaskExecutor'
2020-02-19 14:37:17,569 INFO org.springframework.orm.jpa.AbstractEntityManagerFactoryBean [Thread-7] Closing JPA EntityManagerFactory for persistence unit 'default'
2020-02-19 14:37:17,929 WARN org.springframework.beans.factory.support.DisposableBeanAdapter [Thread-7] Invocation of destroy method failed on bean with name 'inMemoryDatabaseShutdownExecutor': org.h2.jdbc.JdbcSQLNonTransientConnectionException: Database is already closed (to disable automatic closing at VM shutdown, add ";DB_CLOSE_ON_EXIT=FALSE" to the db URL) [90121-200]
2020-02-19 14:37:17,930 INFO com.zaxxer.hikari.HikariDataSource [Thread-7] HikariPool-1 - Shutdown initiated...
2020-02-19 14:37:17,938 INFO com.zaxxer.hikari.HikariDataSource [Thread-7] HikariPool-1 - Shutdown completed.
2020-02-19 14:37:19,638 INFO org.springframework.boot.StartupInfoLogger [restartedMain] Starting ContactInfoMiniProjectApplication on DESKTOP-Q1D8M48 with PID 10004 (E:\workspace\projectBatch\ContactInfo-MiniProject\target\classes started by NEW in E:\workspace\projectBatch\ContactInfo-MiniProject)
2020-02-19 14:37:19,639 DEBUG org.springframework.boot.StartupInfoLogger [restartedMain] Running with Spring Boot v2.2.4.RELEASE, Spring v5.2.3.RELEASE
2020-02-19 14:37:19,640 INFO org.springframework.boot.SpringApplication [restartedMain] No active profile set, falling back to default profiles: default
2020-02-19 14:37:20,430 INFO org.springframework.data.repository.config.RepositoryConfigurationDelegate [restartedMain] Bootstrapping Spring Data JPA repositories in DEFAULT mode.
2020-02-19 14:37:20,469 INFO org.springframework.data.repository.config.RepositoryConfigurationDelegate [restartedMain] Finished Spring Data repository scanning in 36ms. Found 1 JPA repository interfaces.
2020-02-19 14:37:20,914 INFO org.springframework.context.support.PostProcessorRegistrationDelegate$BeanPostProcessorChecker [restartedMain] Bean 'org.springframework.transaction.annotation.ProxyTransactionManagementConfiguration' of type [org.springframework.transaction.annotation.ProxyTransactionManagementConfiguration] is not eligible for getting processed by all BeanPostProcessors (for example: not eligible for auto-proxying)
2020-02-19 14:37:21,654 INFO org.springframework.boot.web.embedded.tomcat.TomcatWebServer [restartedMain] Tomcat initialized with port(s): 8080 (http)
2020-02-19 14:37:21,656 INFO org.apache.juli.logging.DirectJDKLog [restartedMain] Initializing ProtocolHandler ["http-nio-8080"]
2020-02-19 14:37:21,657 INFO org.apache.juli.logging.DirectJDKLog [restartedMain] Starting service [Tomcat]
2020-02-19 14:37:21,658 INFO org.apache.juli.logging.DirectJDKLog [restartedMain] Starting Servlet engine: [Apache Tomcat/9.0.30]
2020-02-19 14:37:21,880 INFO org.apache.juli.logging.DirectJDKLog [restartedMain] At least one JAR was scanned for TLDs yet contained no TLDs. Enable debug logging for this logger for a complete list of JARs that were scanned but no TLDs were found in them. Skipping unneeded JARs during scanning can improve startup time and JSP compilation time.
2020-02-19 14:37:21,889 INFO org.apache.juli.logging.DirectJDKLog [restartedMain] Initializing Spring embedded WebApplicationContext
2020-02-19 14:37:21,890 INFO org.springframework.boot.web.servlet.context.ServletWebServerApplicationContext [restartedMain] Root WebApplicationContext: initialization completed in 2242 ms
2020-02-19 14:37:21,938 INFO com.zaxxer.hikari.HikariDataSource [restartedMain] HikariPool-2 - Starting...
2020-02-19 14:37:21,945 INFO com.zaxxer.hikari.HikariDataSource [restartedMain] HikariPool-2 - Start completed.
2020-02-19 14:37:21,946 INFO org.springframework.boot.autoconfigure.h2.H2ConsoleAutoConfiguration [restartedMain] H2 console available at '/h2'. Database available at 'jdbc:h2:mem:testdb'
2020-02-19 14:37:22,024 INFO org.hibernate.jpa.internal.util.LogHelper [restartedMain] HHH000204: Processing PersistenceUnitInfo [name: default]
2020-02-19 14:37:22,038 INFO org.hibernate.dialect.Dialect [restartedMain] HHH000400: Using dialect: org.hibernate.dialect.H2Dialect
2020-02-19 14:37:22,226 INFO org.hibernate.engine.transaction.jta.platform.internal.JtaPlatformInitiator [restartedMain] HHH000490: Using JtaPlatform implementation: [org.hibernate.engine.transaction.jta.platform.internal.NoJtaPlatform]
2020-02-19 14:37:22,228 INFO org.springframework.orm.jpa.AbstractEntityManagerFactoryBean [restartedMain] Initialized JPA EntityManagerFactory for persistence unit 'default'
2020-02-19 14:37:22,271 INFO org.springframework.boot.devtools.autoconfigure.OptionalLiveReloadServer [restartedMain] LiveReload server is running on port 35729
2020-02-19 14:37:22,283 INFO com.tekleads.service.ContactServiceImpl [restartedMain] ContactService class Initialized
2020-02-19 14:37:22,437 WARN org.springframework.boot.autoconfigure.orm.jpa.JpaBaseConfiguration$JpaWebConfiguration [restartedMain] spring.jpa.open-in-view is enabled by default. Therefore, database queries may be performed during view rendering. Explicitly configure spring.jpa.open-in-view to disable this warning
2020-02-19 14:37:22,578 INFO org.springframework.scheduling.concurrent.ExecutorConfigurationSupport [restartedMain] Initializing ExecutorService 'applicationTaskExecutor'
2020-02-19 14:37:22,848 INFO org.apache.juli.logging.DirectJDKLog [restartedMain] Starting ProtocolHandler ["http-nio-8080"]
2020-02-19 14:37:22,861 INFO org.springframework.boot.web.embedded.tomcat.TomcatWebServer [restartedMain] Tomcat started on port(s): 8080 (http) with context path ''
2020-02-19 14:37:22,863 INFO org.springframework.boot.StartupInfoLogger [restartedMain] Started ContactInfoMiniProjectApplication in 3.326 seconds (JVM running for 228.556)
2020-02-19 14:37:22,868 INFO org.springframework.boot.devtools.autoconfigure.ConditionEvaluationDeltaLoggingListener [restartedMain] Condition evaluation unchanged
2020-02-19 14:37:35,569 INFO org.apache.juli.logging.DirectJDKLog [http-nio-8080-exec-1] Initializing Spring DispatcherServlet 'dispatcherServlet'
2020-02-19 14:37:35,572 INFO org.springframework.web.servlet.FrameworkServlet [http-nio-8080-exec-1] Initializing Servlet 'dispatcherServlet'
2020-02-19 14:37:35,581 INFO org.springframework.web.servlet.FrameworkServlet [http-nio-8080-exec-1] Completed initialization in 9 ms
2020-02-19 14:37:35,590 INFO com.tekleads.controller.ContactController [http-nio-8080-exec-1] method executed
2020-02-19 14:37:43,236 DEBUG com.tekleads.controller.ContactController [http-nio-8080-exec-5] method started
2020-02-19 14:37:43,237 DEBUG com.tekleads.service.ContactServiceImpl [http-nio-8080-exec-5] ContactServiceImpl.saveContact()-->start
2020-02-19 14:37:43,249 INFO com.tekleads.service.ContactServiceImpl [http-nio-8080-exec-5] Contact saved report
2020-02-19 14:37:43,263 DEBUG com.tekleads.service.ContactServiceImpl [http-nio-8080-exec-5] ContactServiceImpl.saveContact()-->ended
2020-02-19 14:37:43,264 DEBUG com.tekleads.controller.ContactController [http-nio-8080-exec-5] method ended
2020-02-19 14:37:43,282 INFO com.tekleads.controller.ContactController [http-nio-8080-exec-6] method executed
2020-02-19 14:37:50,419 DEBUG com.tekleads.controller.ContactController [http-nio-8080-exec-10] method started
2020-02-19 14:37:50,420 DEBUG com.tekleads.service.ContactServiceImpl [http-nio-8080-exec-10] ContactServiceImpl.saveContact()-->start
2020-02-19 14:37:50,421 INFO com.tekleads.service.ContactServiceImpl [http-nio-8080-exec-10] Contact saved report
2020-02-19 14:37:50,431 DEBUG com.tekleads.service.ContactServiceImpl [http-nio-8080-exec-10] ContactServiceImpl.saveContact()-->ended
2020-02-19 14:37:50,432 DEBUG com.tekleads.controller.ContactController [http-nio-8080-exec-10] method ended
2020-02-19 14:37:50,451 INFO com.tekleads.controller.ContactController [http-nio-8080-exec-1] method executed
2020-02-19 14:37:52,073 INFO com.tekleads.controller.ContactController [http-nio-8080-exec-4] get All Contats Summary in controller
2020-02-19 14:37:52,074 DEBUG com.tekleads.service.ContactServiceImpl [http-nio-8080-exec-4] method started
2020-02-19 14:37:52,075 INFO com.tekleads.service.ContactServiceImpl [http-nio-8080-exec-4] get All Active contacts summary
2020-02-19 14:37:52,095 DEBUG com.tekleads.service.ContactServiceImpl [http-nio-8080-exec-4] method ended
2020-02-19 14:38:12,370 INFO com.tekleads.controller.ContactController [http-nio-8080-exec-9] method executed
2020-02-19 14:38:20,807 DEBUG com.tekleads.controller.ContactController [http-nio-8080-exec-4] method started
2020-02-19 14:38:20,807 DEBUG com.tekleads.service.ContactServiceImpl [http-nio-8080-exec-4] ContactServiceImpl.saveContact()-->start
2020-02-19 14:38:20,812 INFO com.tekleads.service.ContactServiceImpl [http-nio-8080-exec-4] Contact saved report
2020-02-19 14:38:20,816 DEBUG com.tekleads.service.ContactServiceImpl [http-nio-8080-exec-4] ContactServiceImpl.saveContact()-->ended
2020-02-19 14:38:20,817 DEBUG com.tekleads.controller.ContactController [http-nio-8080-exec-4] method ended
2020-02-19 14:38:20,833 INFO com.tekleads.controller.ContactController [http-nio-8080-exec-6] method executed
2020-02-19 14:38:24,150 INFO com.tekleads.controller.ContactController [http-nio-8080-exec-10] method executed
2020-02-19 14:38:24,292 INFO com.tekleads.controller.ContactController [http-nio-8080-exec-2] method executed
2020-02-19 14:38:24,467 INFO com.tekleads.controller.ContactController [http-nio-8080-exec-3] method executed
2020-02-19 14:38:24,617 INFO com.tekleads.controller.ContactController [http-nio-8080-exec-6] method executed
2020-02-19 14:38:24,932 INFO com.tekleads.controller.ContactController [http-nio-8080-exec-5] method executed
2020-02-19 14:38:28,492 INFO com.tekleads.controller.ContactController [http-nio-8080-exec-2] get All Contats Summary in controller
2020-02-19 14:38:28,494 DEBUG com.tekleads.service.ContactServiceImpl [http-nio-8080-exec-2] method started
2020-02-19 14:38:28,495 INFO com.tekleads.service.ContactServiceImpl [http-nio-8080-exec-2] get All Active contacts summary
2020-02-19 14:38:28,501 DEBUG com.tekleads.service.ContactServiceImpl [http-nio-8080-exec-2] method ended
2020-02-19 14:38:31,839 INFO com.tekleads.controller.ContactController [http-nio-8080-exec-3] get COntact By Id summary
2020-02-19 14:38:31,840 DEBUG com.tekleads.service.ContactServiceImpl [http-nio-8080-exec-3] method started
2020-02-19 14:38:31,841 INFO com.tekleads.service.ContactServiceImpl [http-nio-8080-exec-3] get Contact By Id summary
2020-02-19 14:38:41,969 DEBUG com.tekleads.controller.ContactController [http-nio-8080-exec-5] method started
2020-02-19 14:38:41,970 DEBUG com.tekleads.service.ContactServiceImpl [http-nio-8080-exec-5] ContactServiceImpl.saveContact()-->start
2020-02-19 14:38:41,971 INFO com.tekleads.service.ContactServiceImpl [http-nio-8080-exec-5] Contact saved report
2020-02-19 14:38:41,979 DEBUG com.tekleads.service.ContactServiceImpl [http-nio-8080-exec-5] ContactServiceImpl.saveContact()-->ended
2020-02-19 14:38:41,980 DEBUG com.tekleads.controller.ContactController [http-nio-8080-exec-5] method ended
2020-02-19 14:38:41,995 INFO com.tekleads.controller.ContactController [http-nio-8080-exec-8] method executed
2020-02-19 14:38:43,794 INFO com.tekleads.controller.ContactController [http-nio-8080-exec-1] get All Contats Summary in controller
2020-02-19 14:38:43,795 DEBUG com.tekleads.service.ContactServiceImpl [http-nio-8080-exec-1] method started
2020-02-19 14:38:43,796 INFO com.tekleads.service.ContactServiceImpl [http-nio-8080-exec-1] get All Active contacts summary
2020-02-19 14:38:43,802 DEBUG com.tekleads.service.ContactServiceImpl [http-nio-8080-exec-1] method ended
2020-02-19 14:49:21,622 INFO org.springframework.boot.admin.SpringApplicationAdminMXBeanRegistrar$SpringApplicationAdmin [RMI TCP Connection(7)-127.0.0.1] Application shutdown requested.
2020-02-19 14:49:21,666 INFO org.springframework.scheduling.concurrent.ExecutorConfigurationSupport [RMI TCP Connection(7)-127.0.0.1] Shutting down ExecutorService 'applicationTaskExecutor'
2020-02-19 14:49:21,671 INFO org.springframework.orm.jpa.AbstractEntityManagerFactoryBean [RMI TCP Connection(7)-127.0.0.1] Closing JPA EntityManagerFactory for persistence unit 'default'
2020-02-19 14:49:21,925 WARN org.springframework.beans.factory.support.DisposableBeanAdapter [RMI TCP Connection(7)-127.0.0.1] Invocation of destroy method failed on bean with name 'inMemoryDatabaseShutdownExecutor': org.h2.jdbc.JdbcSQLNonTransientConnectionException: Database is already closed (to disable automatic closing at VM shutdown, add ";DB_CLOSE_ON_EXIT=FALSE" to the db URL) [90121-200]
2020-02-19 14:49:21,927 INFO com.zaxxer.hikari.HikariDataSource [RMI TCP Connection(7)-127.0.0.1] HikariPool-2 - Shutdown initiated...
2020-02-19 14:49:21,940 INFO com.zaxxer.hikari.HikariDataSource [RMI TCP Connection(7)-127.0.0.1] HikariPool-2 - Shutdown completed.
