2020-02-18 12:07:32,755 INFO org.springframework.boot.StartupInfoLogger [restartedMain] Starting ContactInfoMiniProjectApplication on DESKTOP-Q1D8M48 with PID 1536 (E:\workspace\projectBatch\ContactInfo-MiniProject\target\classes started by NEW in E:\workspace\projectBatch\ContactInfo-MiniProject)
2020-02-18 12:07:32,763 DEBUG org.springframework.boot.StartupInfoLogger [restartedMain] Running with Spring Boot v2.2.4.RELEASE, Spring v5.2.3.RELEASE
2020-02-18 12:07:32,765 INFO org.springframework.boot.SpringApplication [restartedMain] No active profile set, falling back to default profiles: default
2020-02-18 12:07:33,003 INFO org.springframework.boot.logging.DeferredLog [restartedMain] The Class-Path manifest attribute in C:\Users\NEW\.m2\repository\org\glassfish\jaxb\jaxb-runtime\2.3.2\jaxb-runtime-2.3.2.jar referenced one or more files that do not exist: file:/C:/Users/NEW/.m2/repository/org/glassfish/jaxb/jaxb-runtime/2.3.2/jakarta.xml.bind-api-2.3.2.jar,file:/C:/Users/NEW/.m2/repository/org/glassfish/jaxb/jaxb-runtime/2.3.2/txw2-2.3.2.jar,file:/C:/Users/NEW/.m2/repository/org/glassfish/jaxb/jaxb-runtime/2.3.2/istack-commons-runtime-3.0.8.jar,file:/C:/Users/NEW/.m2/repository/org/glassfish/jaxb/jaxb-runtime/2.3.2/stax-ex-1.8.1.jar,file:/C:/Users/NEW/.m2/repository/org/glassfish/jaxb/jaxb-runtime/2.3.2/FastInfoset-1.2.16.jar,file:/C:/Users/NEW/.m2/repository/org/glassfish/jaxb/jaxb-runtime/2.3.2/jakarta.activation-api-1.2.1.jar
2020-02-18 12:07:33,005 INFO org.springframework.boot.logging.DeferredLog [restartedMain] Devtools property defaults active! Set 'spring.devtools.add-properties' to 'false' to disable
2020-02-18 12:07:33,005 INFO org.springframework.boot.logging.DeferredLog [restartedMain] For additional web related logging consider setting the 'logging.level.web' property to 'DEBUG'
2020-02-18 12:07:35,262 INFO org.springframework.data.repository.config.RepositoryConfigurationDelegate [restartedMain] Bootstrapping Spring Data JPA repositories in DEFAULT mode.
2020-02-18 12:07:35,494 INFO org.springframework.data.repository.config.RepositoryConfigurationDelegate [restartedMain] Finished Spring Data repository scanning in 198ms. Found 1 JPA repository interfaces.
2020-02-18 12:07:36,462 INFO org.springframework.context.support.PostProcessorRegistrationDelegate$BeanPostProcessorChecker [restartedMain] Bean 'org.springframework.transaction.annotation.ProxyTransactionManagementConfiguration' of type [org.springframework.transaction.annotation.ProxyTransactionManagementConfiguration] is not eligible for getting processed by all BeanPostProcessors (for example: not eligible for auto-proxying)
2020-02-18 12:07:37,768 INFO org.springframework.boot.web.embedded.tomcat.TomcatWebServer [restartedMain] Tomcat initialized with port(s): 8080 (http)
2020-02-18 12:07:37,801 INFO org.apache.juli.logging.DirectJDKLog [restartedMain] Initializing ProtocolHandler ["http-nio-8080"]
2020-02-18 12:07:37,818 INFO org.apache.juli.logging.DirectJDKLog [restartedMain] Starting service [Tomcat]
2020-02-18 12:07:37,820 INFO org.apache.juli.logging.DirectJDKLog [restartedMain] Starting Servlet engine: [Apache Tomcat/9.0.30]
2020-02-18 12:07:38,846 INFO org.apache.juli.logging.DirectJDKLog [restartedMain] At least one JAR was scanned for TLDs yet contained no TLDs. Enable debug logging for this logger for a complete list of JARs that were scanned but no TLDs were found in them. Skipping unneeded JARs during scanning can improve startup time and JSP compilation time.
2020-02-18 12:07:38,875 INFO org.apache.juli.logging.DirectJDKLog [restartedMain] Initializing Spring embedded WebApplicationContext
2020-02-18 12:07:38,876 INFO org.springframework.boot.web.servlet.context.ServletWebServerApplicationContext [restartedMain] Root WebApplicationContext: initialization completed in 5870 ms
2020-02-18 12:07:39,016 INFO com.zaxxer.hikari.HikariDataSource [restartedMain] HikariPool-1 - Starting...
2020-02-18 12:07:39,521 INFO com.zaxxer.hikari.HikariDataSource [restartedMain] HikariPool-1 - Start completed.
2020-02-18 12:07:39,540 INFO org.springframework.boot.autoconfigure.h2.H2ConsoleAutoConfiguration [restartedMain] H2 console available at '/h2'. Database available at 'jdbc:h2:mem:testdb'
2020-02-18 12:07:40,637 INFO org.hibernate.jpa.internal.util.LogHelper [restartedMain] HHH000204: Processing PersistenceUnitInfo [name: default]
2020-02-18 12:07:40,884 INFO org.hibernate.Version [restartedMain] HHH000412: Hibernate Core {5.4.10.Final}
2020-02-18 12:07:41,521 INFO org.hibernate.annotations.common.reflection.java.JavaReflectionManager [restartedMain] HCANN000001: Hibernate Commons Annotations {5.1.0.Final}
2020-02-18 12:07:41,879 INFO org.hibernate.dialect.Dialect [restartedMain] HHH000400: Using dialect: org.hibernate.dialect.H2Dialect
2020-02-18 12:07:45,095 INFO org.hibernate.engine.transaction.jta.platform.internal.JtaPlatformInitiator [restartedMain] HHH000490: Using JtaPlatform implementation: [org.hibernate.engine.transaction.jta.platform.internal.NoJtaPlatform]
2020-02-18 12:07:45,117 INFO org.springframework.orm.jpa.AbstractEntityManagerFactoryBean [restartedMain] Initialized JPA EntityManagerFactory for persistence unit 'default'
2020-02-18 12:07:45,181 INFO org.springframework.boot.devtools.autoconfigure.OptionalLiveReloadServer [restartedMain] LiveReload server is running on port 35729
2020-02-18 12:07:45,193 INFO com.tekleads.service.ContactServiceImpl [restartedMain] ContactService class Initialized
2020-02-18 12:07:45,787 WARN org.springframework.boot.autoconfigure.orm.jpa.JpaBaseConfiguration$JpaWebConfiguration [restartedMain] spring.jpa.open-in-view is enabled by default. Therefore, database queries may be performed during view rendering. Explicitly configure spring.jpa.open-in-view to disable this warning
2020-02-18 12:07:46,182 INFO org.springframework.scheduling.concurrent.ExecutorConfigurationSupport [restartedMain] Initializing ExecutorService 'applicationTaskExecutor'
2020-02-18 12:07:46,680 INFO org.apache.juli.logging.DirectJDKLog [restartedMain] Starting ProtocolHandler ["http-nio-8080"]
2020-02-18 12:07:46,814 INFO org.springframework.boot.web.embedded.tomcat.TomcatWebServer [restartedMain] Tomcat started on port(s): 8080 (http) with context path ''
2020-02-18 12:07:46,823 INFO org.springframework.boot.StartupInfoLogger [restartedMain] Started ContactInfoMiniProjectApplication in 15.626 seconds (JVM running for 21.514)
2020-02-18 12:12:46,542 INFO org.springframework.scheduling.concurrent.ExecutorConfigurationSupport [Thread-7] Shutting down ExecutorService 'applicationTaskExecutor'
2020-02-18 12:12:46,544 INFO org.springframework.orm.jpa.AbstractEntityManagerFactoryBean [Thread-7] Closing JPA EntityManagerFactory for persistence unit 'default'
2020-02-18 12:12:46,785 WARN org.springframework.beans.factory.support.DisposableBeanAdapter [Thread-7] Invocation of destroy method failed on bean with name 'inMemoryDatabaseShutdownExecutor': org.h2.jdbc.JdbcSQLNonTransientConnectionException: Database is already closed (to disable automatic closing at VM shutdown, add ";DB_CLOSE_ON_EXIT=FALSE" to the db URL) [90121-200]
2020-02-18 12:12:46,786 INFO com.zaxxer.hikari.HikariDataSource [Thread-7] HikariPool-1 - Shutdown initiated...
2020-02-18 12:12:46,794 INFO com.zaxxer.hikari.HikariDataSource [Thread-7] HikariPool-1 - Shutdown completed.
2020-02-18 12:12:47,926 INFO org.springframework.boot.StartupInfoLogger [restartedMain] Starting ContactInfoMiniProjectApplication on DESKTOP-Q1D8M48 with PID 1536 (E:\workspace\projectBatch\ContactInfo-MiniProject\target\classes started by NEW in E:\workspace\projectBatch\ContactInfo-MiniProject)
2020-02-18 12:12:47,927 DEBUG org.springframework.boot.StartupInfoLogger [restartedMain] Running with Spring Boot v2.2.4.RELEASE, Spring v5.2.3.RELEASE
2020-02-18 12:12:47,927 INFO org.springframework.boot.SpringApplication [restartedMain] No active profile set, falling back to default profiles: default
2020-02-18 12:12:48,676 INFO org.springframework.data.repository.config.RepositoryConfigurationDelegate [restartedMain] Bootstrapping Spring Data JPA repositories in DEFAULT mode.
2020-02-18 12:12:48,694 INFO org.springframework.data.repository.config.RepositoryConfigurationDelegate [restartedMain] Finished Spring Data repository scanning in 17ms. Found 1 JPA repository interfaces.
2020-02-18 12:12:48,863 INFO org.springframework.context.support.PostProcessorRegistrationDelegate$BeanPostProcessorChecker [restartedMain] Bean 'org.springframework.transaction.annotation.ProxyTransactionManagementConfiguration' of type [org.springframework.transaction.annotation.ProxyTransactionManagementConfiguration] is not eligible for getting processed by all BeanPostProcessors (for example: not eligible for auto-proxying)
2020-02-18 12:12:49,103 INFO org.springframework.boot.web.embedded.tomcat.TomcatWebServer [restartedMain] Tomcat initialized with port(s): 8080 (http)
2020-02-18 12:12:49,106 INFO org.apache.juli.logging.DirectJDKLog [restartedMain] Initializing ProtocolHandler ["http-nio-8080"]
2020-02-18 12:12:49,109 INFO org.apache.juli.logging.DirectJDKLog [restartedMain] Starting service [Tomcat]
2020-02-18 12:12:49,111 INFO org.apache.juli.logging.DirectJDKLog [restartedMain] Starting Servlet engine: [Apache Tomcat/9.0.30]
2020-02-18 12:12:49,351 INFO org.apache.juli.logging.DirectJDKLog [restartedMain] At least one JAR was scanned for TLDs yet contained no TLDs. Enable debug logging for this logger for a complete list of JARs that were scanned but no TLDs were found in them. Skipping unneeded JARs during scanning can improve startup time and JSP compilation time.
2020-02-18 12:12:49,359 INFO org.apache.juli.logging.DirectJDKLog [restartedMain] Initializing Spring embedded WebApplicationContext
2020-02-18 12:12:49,360 INFO org.springframework.boot.web.servlet.context.ServletWebServerApplicationContext [restartedMain] Root WebApplicationContext: initialization completed in 1423 ms
2020-02-18 12:12:49,410 INFO com.zaxxer.hikari.HikariDataSource [restartedMain] HikariPool-2 - Starting...
2020-02-18 12:12:49,415 INFO com.zaxxer.hikari.HikariDataSource [restartedMain] HikariPool-2 - Start completed.
2020-02-18 12:12:49,416 INFO org.springframework.boot.autoconfigure.h2.H2ConsoleAutoConfiguration [restartedMain] H2 console available at '/h2'. Database available at 'jdbc:h2:mem:testdb'
2020-02-18 12:12:49,491 INFO org.hibernate.jpa.internal.util.LogHelper [restartedMain] HHH000204: Processing PersistenceUnitInfo [name: default]
2020-02-18 12:12:49,506 INFO org.hibernate.dialect.Dialect [restartedMain] HHH000400: Using dialect: org.hibernate.dialect.H2Dialect
2020-02-18 12:12:49,705 INFO org.hibernate.engine.transaction.jta.platform.internal.JtaPlatformInitiator [restartedMain] HHH000490: Using JtaPlatform implementation: [org.hibernate.engine.transaction.jta.platform.internal.NoJtaPlatform]
2020-02-18 12:12:49,706 INFO org.springframework.orm.jpa.AbstractEntityManagerFactoryBean [restartedMain] Initialized JPA EntityManagerFactory for persistence unit 'default'
2020-02-18 12:12:49,744 INFO org.springframework.boot.devtools.autoconfigure.OptionalLiveReloadServer [restartedMain] LiveReload server is running on port 35729
2020-02-18 12:12:49,754 INFO com.tekleads.service.ContactServiceImpl [restartedMain] ContactService class Initialized
2020-02-18 12:12:49,907 WARN org.springframework.boot.autoconfigure.orm.jpa.JpaBaseConfiguration$JpaWebConfiguration [restartedMain] spring.jpa.open-in-view is enabled by default. Therefore, database queries may be performed during view rendering. Explicitly configure spring.jpa.open-in-view to disable this warning
2020-02-18 12:12:50,035 INFO org.springframework.scheduling.concurrent.ExecutorConfigurationSupport [restartedMain] Initializing ExecutorService 'applicationTaskExecutor'
2020-02-18 12:12:50,245 INFO org.apache.juli.logging.DirectJDKLog [restartedMain] Starting ProtocolHandler ["http-nio-8080"]
2020-02-18 12:12:50,254 INFO org.springframework.boot.web.embedded.tomcat.TomcatWebServer [restartedMain] Tomcat started on port(s): 8080 (http) with context path ''
2020-02-18 12:12:50,257 INFO org.springframework.boot.StartupInfoLogger [restartedMain] Started ContactInfoMiniProjectApplication in 2.438 seconds (JVM running for 324.947)
2020-02-18 12:12:50,261 INFO org.springframework.boot.devtools.autoconfigure.ConditionEvaluationDeltaLoggingListener [restartedMain] Condition evaluation unchanged
2020-02-18 13:40:43,293 WARN com.zaxxer.hikari.pool.HikariPool$HouseKeeper [HikariPool-2 housekeeper] HikariPool-2 - Thread starvation or clock leap detected (housekeeper delta=54m23s701ms470µs800ns).
2020-02-18 13:56:19,259 INFO org.springframework.boot.admin.SpringApplicationAdminMXBeanRegistrar$SpringApplicationAdmin [RMI TCP Connection(6)-127.0.0.1] Application shutdown requested.
2020-02-18 13:56:19,285 INFO org.springframework.scheduling.concurrent.ExecutorConfigurationSupport [RMI TCP Connection(6)-127.0.0.1] Shutting down ExecutorService 'applicationTaskExecutor'
2020-02-18 13:56:19,288 INFO org.springframework.orm.jpa.AbstractEntityManagerFactoryBean [RMI TCP Connection(6)-127.0.0.1] Closing JPA EntityManagerFactory for persistence unit 'default'
2020-02-18 13:56:19,510 WARN org.springframework.beans.factory.support.DisposableBeanAdapter [RMI TCP Connection(6)-127.0.0.1] Invocation of destroy method failed on bean with name 'inMemoryDatabaseShutdownExecutor': org.h2.jdbc.JdbcSQLNonTransientConnectionException: Database is already closed (to disable automatic closing at VM shutdown, add ";DB_CLOSE_ON_EXIT=FALSE" to the db URL) [90121-200]
2020-02-18 13:56:19,512 INFO com.zaxxer.hikari.HikariDataSource [RMI TCP Connection(6)-127.0.0.1] HikariPool-2 - Shutdown initiated...
2020-02-18 13:56:19,518 INFO com.zaxxer.hikari.HikariDataSource [RMI TCP Connection(6)-127.0.0.1] HikariPool-2 - Shutdown completed.
